[debug] [2025-04-01T03:06:14.173Z] ----------------------------------------------------------------------
[debug] [2025-04-01T03:06:14.179Z] Command:       /usr/local/bin/node /Users/guilhermetakahashi/.npm-global/bin/firebase init functions
[debug] [2025-04-01T03:06:14.179Z] CLI Version:   14.0.1
[debug] [2025-04-01T03:06:14.179Z] Platform:      darwin
[debug] [2025-04-01T03:06:14.180Z] Node Version:  v20.13.1
[debug] [2025-04-01T03:06:14.180Z] Time:          Tue Apr 01 2025 00:06:14 GMT-0300 (Brasilia Standard Time)
[debug] [2025-04-01T03:06:14.180Z] ----------------------------------------------------------------------
[debug] 
[debug] [2025-04-01T03:06:14.183Z] > command requires scopes: ["email","openid","https://www.googleapis.com/auth/cloudplatformprojects.readonly","https://www.googleapis.com/auth/firebase","https://www.googleapis.com/auth/cloud-platform"]
[debug] [2025-04-01T03:06:14.183Z] > authorizing via signed-in user (guilherme.uk.takahashi@gmail.com)
[info] 
     ######## #### ########  ######## ########     ###     ######  ########
     ##        ##  ##     ## ##       ##     ##  ##   ##  ##       ##
     ######    ##  ########  ######   ########  #########  ######  ######
     ##        ##  ##    ##  ##       ##     ## ##     ##       ## ##
     ##       #### ##     ## ######## ########  ##     ##  ######  ########

You're about to initialize a Firebase project in this directory:

  /Users/guilhermetakahashi/Library/Mobile Documents/com~apple~CloudDocs/Gui DEV/SITES/Yallah

[info] 
=== Project Setup
[info] 
[info] First, let's associate this project directory with a Firebase project.
[info] You can create multiple project aliases by running firebase use --add, 
[info] but for now we'll just set up a default project.
[info] 
